<?xml version="1.0" encoding="UTF-8"?>
<!-- Generated by org.testng.reporters.JUnitReportReporter -->
<testsuite skipped="0" hostname="RAMU-PC" name="com.testng.topics.ParallelExecution1" tests="2" failures="0" timestamp="04 Mar 2019 11:09:55 GMT" time="0.051" errors="0">
  <testcase name="test3" time="0.020" classname="com.testng.topics.ParallelExecution1"/>
  <testcase name="test4" time="0.031" classname="com.testng.topics.ParallelExecution1"/>
</testsuite> <!-- com.testng.topics.ParallelExecution1 -->
