<?xml version="1.0" encoding="UTF-8"?>
<!-- Generated by org.testng.reporters.JUnitReportReporter -->
<testsuite skipped="0" hostname="RAMU-PC" name="com.testng.topics.AnnotationsExample" tests="3" failures="0" timestamp="04 Mar 2019 10:58:55 GMT" time="0.023" errors="0">
  <testcase name="Test" time="0.004" classname="com.testng.topics.AnnotationsExample"/>
  <testcase name="LogoTest" time="0.015" classname="com.testng.topics.AnnotationsExample"/>
  <testcase name="TitleTest" time="0.004" classname="com.testng.topics.AnnotationsExample"/>
</testsuite> <!-- com.testng.topics.AnnotationsExample -->
