<?xml version="1.0" encoding="UTF-8"?>
<!-- Generated by org.testng.reporters.JUnitReportReporter -->
<testsuite skipped="0" hostname="RAMU-PC" name="com.testng.topics.CrossBrowserTesting" tests="3" failures="0" timestamp="04 Mar 2019 13:15:44 GMT" time="78.924" errors="0">
  <testcase name="loginFB" time="35.667" classname="com.testng.topics.CrossBrowserTesting"/>
  <testcase name="loginFB" time="11.786" classname="com.testng.topics.CrossBrowserTesting"/>
  <testcase name="loginFB" time="31.471" classname="com.testng.topics.CrossBrowserTesting"/>
</testsuite> <!-- com.testng.topics.CrossBrowserTesting -->
