<?xml version="1.0" encoding="UTF-8"?>
<!-- Generated by org.testng.reporters.JUnitReportReporter -->
<testsuite skipped="0" hostname="RAMU-PC" name="com.testng.topics.DataProviderTesting" tests="6" failures="0" timestamp="06 Mar 2019 08:47:46 GMT" time="134.060" errors="0">
  <testcase name="fbLogin" time="15.013" classname="com.testng.topics.DataProviderTesting"/>
  <testcase name="fbLogin" time="37.389" classname="com.testng.topics.DataProviderTesting"/>
  <testcase name="fbLogin" time="22.362" classname="com.testng.topics.DataProviderTesting"/>
  <testcase name="fbLogin" time="14.919" classname="com.testng.topics.DataProviderTesting"/>
  <testcase name="fbLogin" time="29.935" classname="com.testng.topics.DataProviderTesting"/>
  <testcase name="fbLogin" time="14.442" classname="com.testng.topics.DataProviderTesting"/>
</testsuite> <!-- com.testng.topics.DataProviderTesting -->
