<?xml version="1.0" encoding="UTF-8"?>
<!-- Generated by org.testng.reporters.JUnitReportReporter -->
<testsuite skipped="0" hostname="RAMU-PC" name="com.testng.topics.ParallelExecution" tests="2" failures="0" timestamp="04 Mar 2019 11:09:56 GMT" time="0.053" errors="0">
  <testcase name="test1" time="0.016" classname="com.testng.topics.ParallelExecution"/>
  <testcase name="test2" time="0.037" classname="com.testng.topics.ParallelExecution"/>
</testsuite> <!-- com.testng.topics.ParallelExecution -->
