<?xml version="1.0" encoding="UTF-8"?>
<!-- Generated by org.testng.reporters.JUnitReportReporter -->
<testsuite skipped="0" hostname="RAMU-PC" name="extentReport.ExtentReportGeneration" tests="1" failures="0" timestamp="05 Mar 2019 05:51:17 GMT" time="1.213" errors="0">
  <testcase name="test" time="1.213" classname="extentReport.ExtentReportGeneration"/>
</testsuite> <!-- extentReport.ExtentReportGeneration -->
