<?xml version="1.0" encoding="UTF-8"?>
<!-- Generated by org.testng.reporters.JUnitReportReporter -->
<testsuite skipped="0" hostname="RAMU-PC" name="com.testng.annotations.AnnotationsExample" tests="3" failures="0" timestamp="19 Dec 2018 10:58:23 GMT" time="0.022" errors="0">
  <testcase name="LogoTest" time="0.014" classname="com.testng.annotations.AnnotationsExample"/>
  <testcase name="Test" time="0.005" classname="com.testng.annotations.AnnotationsExample"/>
  <testcase name="TitleTest" time="0.003" classname="com.testng.annotations.AnnotationsExample"/>
</testsuite> <!-- com.testng.annotations.AnnotationsExample -->
