<?xml version="1.0" encoding="UTF-8"?>
<!-- Generated by org.testng.reporters.JUnitReportReporter -->
<testsuite skipped="0" hostname="RAMU-PC" name="com.testng.topics.GooglePageTest" tests="2" failures="0" timestamp="20 Dec 2018 06:49:47 GMT" time="54.441" errors="0">
  <testcase name="gmailLink" time="45.124" classname="com.testng.topics.GooglePageTest"/>
  <testcase name="titleTest" time="9.317" classname="com.testng.topics.GooglePageTest"/>
</testsuite> <!-- com.testng.topics.GooglePageTest -->
